(this is the z value: ,1.96,according to confidence interval:,0.95)(# tuples can be stored: ,3488372)

(maxStrataSize: ,2707.0)(minStrataSize: ,2.0)(K: ,1354.0)(estimateError: ,1.3293204375333051E8,  defined errorBound,2.295773109012E9)Satisfied
(maxStrataSize: ,1354.0)(minStrataSize: ,2.0)(K: ,678.0)(estimateError: ,1.8449612658370402E8,  defined errorBound,2.295773109012E9)Satisfied
(maxStrataSize: ,678.0)(minStrataSize: ,2.0)(K: ,340.0)(estimateError: ,2.603713672551428E8,  defined errorBound,2.295773109012E9)Satisfied
(maxStrataSize: ,340.0)(minStrataSize: ,2.0)(K: ,171.0)(estimateError: ,3.671136513581728E8,  defined errorBound,2.295773109012E9)Satisfied
(maxStrataSize: ,171.0)(minStrataSize: ,2.0)(K: ,86.0)(estimateError: ,5.176609279933894E8,  defined errorBound,2.295773109012E9)Satisfied
(maxStrataSize: ,86.0)(minStrataSize: ,2.0)(K: ,44.0)(estimateError: ,7.237153836257186E8,  defined errorBound,2.295773109012E9)Satisfied
(maxStrataSize: ,44.0)(minStrataSize: ,2.0)(K: ,23.0)(estimateError: ,1.0009909972251905E9,  defined errorBound,2.295773109012E9)Satisfied
(maxStrataSize: ,23.0)(minStrataSize: ,2.0)(K: ,12.0)(estimateError: ,1.3858092638483539E9,  defined errorBound,2.295773109012E9)Satisfied
(maxStrataSize: ,12.0)(minStrataSize: ,2.0)(K: ,7.0)(estimateError: ,1.8144502427637875E9,  defined errorBound,2.295773109012E9)Satisfied
(maxStrataSize: ,7.0)(minStrataSize: ,2.0)(K: ,4.0)(estimateError: ,2.40029205422364E9,  defined errorBound,2.295773109012E9)Not satisfied
(maxStrataSize: ,7.0)(minStrataSize: ,5.0)(K: ,6.0)(estimateError: ,1.959830255543736E9,  defined errorBound,2.295773109012E9)Satisfied
(maxStrataSize: ,6.0)(minStrataSize: ,5.0)(K: ,5.0)(estimateError: ,2.146886479638668E9,  defined errorBound,2.295773109012E9)Satisfied(
this is the final magick: ,5.0,eatimate sample size: ,19085.0)(
remained # tuples can be stored: ,3469287)
(real stratified sample size: ,19085)
(# groups:,3817)

(maxStrataSize: ,7.0)(minStrataSize: ,2.0)(K: ,4.0)(estimateError: ,1.0088004589997487E8,  defined errorBound,2.295773109012E9)Satisfied
(maxStrataSize: ,4.0)(minStrataSize: ,2.0)(K: ,3.0)(estimateError: ,1.1271305312202084E8,  defined errorBound,2.295773109012E9)Satisfied
(maxStrataSize: ,3.0)(minStrataSize: ,2.0)(K: ,2.0)(estimateError: ,1.3619766708782294E8,  defined errorBound,2.295773109012E9)Satisfied(
this is the final magick: ,2.0,eatimate sample size: ,3587424.0)not have enough storage budget(
sampled qcs: ,List(Q1))Q1
Using sample
date: 1998-12-01 ; final date: 1998-09-02
+------------+------------+---------+--------------+--------------------+--------------------+---------+------------+--------+-----------+
|l_returnflag|l_linestatus|  sum_qty|sum_base_price|      sum_disc_price|          sum_charge|  avg_qty|   avg_price|avg_disc|count_order|
+------------+------------+---------+--------------+--------------------+--------------------+---------+------------+--------+-----------+
|           A|           F|160789.00|  240741202.53|2.2882166637790006E8| 2.380823020404821E8|25.481616|38152.330036|0.049897|       6310|
|           N|           F|  3836.00|    5792844.37|   5468602.052299999|      5693638.121595|25.573333|38618.962467|0.056267|        150|
|           N|           O|150820.00|  225071512.47|2.1378090043679994E8|2.2219914608746493E8|25.715260|38375.364445|0.050402|       5865|
|           R|           F|159756.00|  238765340.14|2.2700024404890004E8|2.3597728931519902E8|25.317908|37839.198120|0.049460|       6310|
+------------+------------+---------+--------------+--------------------+--------------------+---------+------------+--------+-----------+

Q3
+----------+-----------+--------------+------------------+
|l_orderkey|o_orderdate|o_shippriority|           revenue|
+----------+-----------+--------------+------------------+
|   2456423| 1995-03-05|             0|       406181.0111|
|   3459808| 1995-03-04|             0|405838.69889999996|
|    492164| 1995-02-19|             0|        390324.061|
|   1188320| 1995-03-09|             0|       384537.9359|
|   2435712| 1995-02-26|             0|378673.05580000003|
|   4878020| 1995-03-12|             0|       378376.7952|
|   5521732| 1995-03-13|             0|       375153.9215|
|   2628192| 1995-02-22|             0|373133.30939999997|
|    993600| 1995-03-05|             0|       371407.4595|
|   2300070| 1995-03-13|             0| 367371.1452000001|
+----------+-----------+--------------+------------------+

Q5
date: 1995-01-01 ; final date: 1994-01-01
+---------+--------------------+
|   n_name|             revenue|
+---------+--------------------+
|INDONESIA| 5.550204116969999E7|
|  VIETNAM|5.5295086996700004E7|
|    CHINA| 5.372449425659999E7|
|    INDIA|5.2035512000199996E7|
|    JAPAN| 4.541017569539999E7|
+---------+--------------------+

Q6
Using whole dataframe
date: 1994-01-01 ; final date: 1995-01-01
+-----------------------------------+
|sum((l_extendedprice * l_discount))|
+-----------------------------------+
|                     123141078.2283|
+-----------------------------------+

Q7
+-----------+-----------+------+--------------------+
|supp_nation|cust_nation|l_year|             revenue|
+-----------+-----------+------+--------------------+
|     FRANCE|    GERMANY|  1995|     5.46397327336E7|
|     FRANCE|    GERMANY|  1996|5.4633083307600014E7|
|    GERMANY|     FRANCE|  1995|     5.25317466697E7|
|    GERMANY|     FRANCE|  1996| 5.252054902240002E7|
+-----------+-----------+------+--------------------+

Q9
+---------+------+--------------------+
|   nation|o_year|          sum_profit|
+---------+------+--------------------+
|  ALGERIA|  1998|     2.71369001803E7|
|  ALGERIA|  1997|     4.86118334962E7|
|  ALGERIA|  1996| 4.828548267819999E7|
|  ALGERIA|  1995|     4.44022735999E7|
|  ALGERIA|  1994|4.8694008066800006E7|
|  ALGERIA|  1993| 4.604420778379999E7|
|  ALGERIA|  1992| 4.563684948809999E7|
|ARGENTINA|  1998|     2.83416637848E7|
|ARGENTINA|  1997|     4.71439641176E7|
|ARGENTINA|  1996| 4.525527860209999E7|
|ARGENTINA|  1995|4.5631769205400005E7|
|ARGENTINA|  1994|     4.82688563547E7|
|ARGENTINA|  1993| 4.860559361620001E7|
|ARGENTINA|  1992|     4.66542407487E7|
|   BRAZIL|  1998|2.6527736395999998E7|
|   BRAZIL|  1997|4.5640660767699994E7|
|   BRAZIL|  1996|4.5090647162999995E7|
|   BRAZIL|  1995|     4.40158885132E7|
|   BRAZIL|  1994|4.4854218893199995E7|
|   BRAZIL|  1993|     4.57666037379E7|
+---------+------+--------------------+
only showing top 20 rows

Q10
Using whole dataframe
date: 1993-10-01 ; final date: 1994-01-01
+---------+------------------+---------+---------------+--------------+--------------------+--------------------+-----------------+
|c_custkey|            c_name|c_acctbal|        c_phone|        n_name|           c_address|           c_comment|          revenue|
+---------+------------------+---------+---------------+--------------+--------------------+--------------------+-----------------+
|    57040|Customer#000057040|   632.87|22-895-641-3466|         JAPAN|          Eioyzjf4pp|sits. slyly regul...|734235.2455000001|
|   143347|Customer#000143347|  2557.47|14-742-935-3718|         EGYPT|         1aReFYv,Kw4|ggle carefully en...|721002.6947999999|
|    60838|Customer#000060838|  2454.77|12-913-494-9813|        BRAZIL|64EaJ5vMAHWJlBOxJ...| need to boost ag...|679127.3076999999|
|   101998|Customer#000101998|  3790.89|33-593-865-6378|UNITED KINGDOM|   01c9CILnNtfOQYmZj|ress foxes wake s...|      637029.5667|
|   125341|Customer#000125341|  4983.51|17-582-695-5962|       GERMANY|S29ODD6bceU8QSuuE...|arefully even dep...|       633508.086|
|    25501|Customer#000025501|  7725.04|15-874-808-6793|      ETHIOPIA|  W556MXuoiaYCCZa...|he pending instru...|      620269.7849|
|   115831|Customer#000115831|  5098.10|16-715-386-3788|        FRANCE|rFeBbEEyk dl ne7z...|l somas sleep. fu...|      596423.8672|
|    84223|Customer#000084223|   528.65|33-442-824-8191|UNITED KINGDOM|nAVZCs6BaWap rrM2...| slyly final depo...|594998.0238999999|
|    54289|Customer#000054289|  5583.02|20-834-292-4707|          IRAN|vXCxoCsU0Bad5JQI ...|ely special foxes...|      585603.3918|
|    39922|Customer#000039922|  7321.11|17-147-757-8036|       GERMANY|Zgy4s50l2GKN4pLDP...|y final requests....|584878.1133999999|
|     6226|Customer#000006226|  2230.09|33-657-701-3391|UNITED KINGDOM|8gPu8,NPGkfyQQ0hc...|ending platelets ...|      576783.7606|
|      922|Customer#000000922|  3869.25|17-945-916-9648|       GERMANY|Az9RFaut7NkPnc5zS...|luffily fluffy de...|      576767.5333|
|   147946|Customer#000147946|  2030.13|10-886-956-3143|       ALGERIA|iANyZHjqhyy7Ajah0...|ithely ironic dep...|       576455.132|
|   115640|Customer#000115640|  6436.10|11-411-543-4901|     ARGENTINA|Vtgfia9qI 7EpHgecU1X|ost slyly along t...|      569341.1933|
|    73606|Customer#000073606|  1785.67|22-437-653-6966|         JAPAN|xuR0Tro5yChDfOCrj...|he furiously regu...|      568656.8578|
|   110246|Customer#000110246|  7763.35|31-943-426-9837|       VIETNAM|   7KzflgX MDOq7sOkI|egular deposits s...|      566842.9815|
|   142549|Customer#000142549|  5085.99|19-955-562-2398|     INDONESIA|ChqEoK43OysjdHbtK...|sleep pending cou...|563537.2368000001|
|   146149|Customer#000146149|  1791.55|29-744-164-6487|       ROMANIA|          s87fvzFQpU| of the slyly sil...|557254.9864999999|
|    52528|Customer#000052528|   551.79|11-208-192-3205|     ARGENTINA|       NFztyTOR10UOJ| deposits hinder....|556397.3509000001|
|    23431|Customer#000023431|  3381.86|29-915-458-2654|       ROMANIA|HgiV0phqhaIa9aydN...|nusual, even inst...|554269.5360000001|
+---------+------------------+---------+---------------+--------------+--------------------+--------------------+-----------------+

Q11
+----------+--------------------+--------------------+
|ps_partkey|         query_value|        having_value|
+----------+--------------------+--------------------+
|    129760|       1.753845686E7|7.874103109404964E10|
|    166726|       1.650335392E7|7.874103109404964E10|
|    191287|1.6474801969999999E7|7.874103109404964E10|
|    161758|       1.610175554E7|7.874103109404964E10|
|     34452|       1.598384472E7|7.874103109404964E10|
|    139035|       1.590707834E7|7.874103109404964E10|
|      9403|1.5451755620000001E7|7.874103109404964E10|
|    154358|1.5212937879999999E7|7.874103109404964E10|
|     38823|       1.506480286E7|7.874103109404964E10|
|     85606|1.5053957150000002E7|7.874103109404964E10|
|     33354|        1.44082974E7|7.874103109404964E10|
|    154747|       1.440758068E7|7.874103109404964E10|
|     82865|1.4235489780000001E7|7.874103109404964E10|
|     76094|       1.409424704E7|7.874103109404964E10|
|       222|       1.393777774E7|7.874103109404964E10|
|    121271|         1.3908336E7|7.874103109404964E10|
|     55221|       1.371612047E7|7.874103109404964E10|
|     22819|1.3666434280000001E7|7.874103109404964E10|
|     76281|       1.364685368E7|7.874103109404964E10|
|     85298|       1.358115493E7|7.874103109404964E10|
+----------+--------------------+--------------------+
only showing top 20 rows

Q12
Using whole dataframe
date: 1994-01-01 ; final date: 1995-01-01
+----------+---------------+--------------+
|l_shipmode|high_line_count|low_line_count|
+----------+---------------+--------------+
|      MAIL|           6202|          9324|
|      SHIP|           6200|          9262|
+----------+---------------+--------------+

Q17
+-----------------+
|       avg_yearly|
+-----------------+
|348406.0542857143|
+-----------------+

Q18
+------------------+---------+----------+-----------+------------+---------------+
|            c_name|c_custkey|o_orderkey|o_orderdate|o_totalprice|sum(l_quantity)|
+------------------+---------+----------+-----------+------------+---------------+
|Customer#000128120|   128120|   4722021| 1994-04-07|   544089.09|         323.00|
|Customer#000144617|   144617|   3043270| 1997-02-12|   530604.44|         317.00|
|Customer#000013940|    13940|   2232932| 1997-04-13|   522720.61|         304.00|
|Customer#000066790|    66790|   2199712| 1996-09-30|   515531.82|         327.00|
|Customer#000046435|    46435|   4745607| 1997-07-03|   508047.99|         309.00|
|Customer#000015272|    15272|   3883783| 1993-07-28|   500241.33|         302.00|
|Customer#000146608|   146608|   3342468| 1994-06-12|   499794.58|         303.00|
|Customer#000096103|    96103|   5984582| 1992-03-16|   494398.79|         312.00|
|Customer#000024341|    24341|   1474818| 1992-11-15|   491348.26|         302.00|
|Customer#000137446|   137446|   5489475| 1997-05-23|   487763.25|         311.00|
|Customer#000107590|   107590|   4267751| 1994-11-04|   485141.38|         301.00|
|Customer#000050008|    50008|   2366755| 1996-12-09|   483891.26|         302.00|
|Customer#000015619|    15619|   3767271| 1996-08-07|   480083.96|         318.00|
|Customer#000077260|    77260|   1436544| 1992-09-12|   479499.43|         307.00|
|Customer#000109379|   109379|   5746311| 1996-10-10|   478064.11|         302.00|
|Customer#000054602|    54602|   5832321| 1997-02-09|   471220.08|         307.00|
|Customer#000105995|   105995|   2096705| 1994-07-03|   469692.58|         307.00|
|Customer#000148885|   148885|   2942469| 1992-05-31|   469630.44|         313.00|
|Customer#000114586|   114586|    551136| 1993-05-19|   469605.59|         308.00|
|Customer#000105260|   105260|   5296167| 1996-09-06|   469360.57|         303.00|
+------------------+---------+----------+-----------+------------+---------------+
only showing top 20 rows

Q19
+------------+
|     revenue|
+------------+
|3083843.0578|
+------------+

Q20
date: 1994-01-01 ; final date: 1995-01-01
+------------------+--------------------+
|            s_name|           s_address|
+------------------+--------------------+
|Supplier#000000020|iybAE,RmTymrZVYaF...|
|Supplier#000000091|YV45D7TkfdQanOOZ7...|
|Supplier#000000205|        rF uV8d0JNEk|
|Supplier#000000285|Br7e1nnt1yxrw6Img...|
|Supplier#000000287|   7a9SP7qW5Yku5PvSg|
|Supplier#000000354|          w8fOo5W,aS|
|Supplier#000000378|  FfbhyCxWvcPrO8ltp9|
|Supplier#000000402|i9Sw4DoyMhzhKXCH9...|
|Supplier#000000530|0qwCMwobKY OcmLyf...|
|Supplier#000000555|TfB,a5bfl3Ah 3Z 7...|
|Supplier#000000640|mvvtlQKsTOsJj5Ihk...|
|Supplier#000000729|pqck2ppy758TQpZCU...|
|Supplier#000000736|l6i2nMwVuovfKnuVg...|
|Supplier#000000761|zlSLelQUj2XrvTTFn...|
|Supplier#000000887| urEaTejH5POADP2ARrf|
|Supplier#000000935|ij98czM 2KzWe7dDT...|
|Supplier#000000975|,AC e,tBpNwKb5xMU...|
|Supplier#000001263|rQWr6nf8ZhB2TAiID...|
|Supplier#000001367|42YSkFcAXMMcucsqe...|
|Supplier#000001426|bPOCc086oFm8sLtS,...|
+------------------+--------------------+
only showing top 20 rows

