(this is the z value: ,1.96,according to confidence interval:,0.95)(# tuples can be stored: ,3662790)

(maxStrataSize: ,2707.0)(minStrataSize: ,2.0)(K: ,1354.0)(estimateError: ,1.3293204375333054E8,  defined errorBound,2.295773109012E9)Satisfied
(maxStrataSize: ,1354.0)(minStrataSize: ,2.0)(K: ,678.0)(estimateError: ,1.8449612658370402E8,  defined errorBound,2.295773109012E9)Satisfied
(maxStrataSize: ,678.0)(minStrataSize: ,2.0)(K: ,340.0)(estimateError: ,2.603713672551428E8,  defined errorBound,2.295773109012E9)Satisfied
(maxStrataSize: ,340.0)(minStrataSize: ,2.0)(K: ,171.0)(estimateError: ,3.671136513581727E8,  defined errorBound,2.295773109012E9)Satisfied
(maxStrataSize: ,171.0)(minStrataSize: ,2.0)(K: ,86.0)(estimateError: ,5.176609279933894E8,  defined errorBound,2.295773109012E9)Satisfied
(maxStrataSize: ,86.0)(minStrataSize: ,2.0)(K: ,44.0)(estimateError: ,7.237153836257186E8,  defined errorBound,2.295773109012E9)Satisfied
(maxStrataSize: ,44.0)(minStrataSize: ,2.0)(K: ,23.0)(estimateError: ,1.0009909972251904E9,  defined errorBound,2.295773109012E9)Satisfied
(maxStrataSize: ,23.0)(minStrataSize: ,2.0)(K: ,12.0)(estimateError: ,1.3858092638483539E9,  defined errorBound,2.295773109012E9)Satisfied
(maxStrataSize: ,12.0)(minStrataSize: ,2.0)(K: ,7.0)(estimateError: ,1.8144502427637877E9,  defined errorBound,2.295773109012E9)Satisfied
(maxStrataSize: ,7.0)(minStrataSize: ,2.0)(K: ,4.0)(estimateError: ,2.40029205422364E9,  defined errorBound,2.295773109012E9)Not satisfied
(maxStrataSize: ,7.0)(minStrataSize: ,5.0)(K: ,6.0)(estimateError: ,1.959830255543736E9,  defined errorBound,2.295773109012E9)Satisfied
(maxStrataSize: ,6.0)(minStrataSize: ,5.0)(K: ,5.0)(estimateError: ,2.146886479638668E9,  defined errorBound,2.295773109012E9)Satisfied(
this is the final magick: ,5.0,eatimate sample size: ,19085.0)(
remained # tuples can be stored: ,3643705)
(real stratified sample size: ,19085)
(# groups:,3817)

(maxStrataSize: ,7.0)(minStrataSize: ,2.0)(K: ,4.0)(estimateError: ,1.0088004589997485E8,  defined errorBound,2.295773109012E9)Satisfied
(maxStrataSize: ,4.0)(minStrataSize: ,2.0)(K: ,3.0)(estimateError: ,1.127130531220208E8,  defined errorBound,2.295773109012E9)Satisfied
(maxStrataSize: ,3.0)(minStrataSize: ,2.0)(K: ,2.0)(estimateError: ,1.361976670878229E8,  defined errorBound,2.295773109012E9)Satisfied(
this is the final magick: ,2.0,eatimate sample size: ,3587424.0)(
remained # tuples can be stored: ,56281)
(real stratified sample size: ,3587424)
(# groups:,2070731)

(maxStrataSize: ,7.0)(minStrataSize: ,2.0)(K: ,4.0)(estimateError: ,2.3510012316051468E-11,  defined errorBound,2.295773109012E9)Satisfied
(maxStrataSize: ,4.0)(minStrataSize: ,2.0)(K: ,3.0)(estimateError: ,1.5369086290168842E-11,  defined errorBound,2.295773109012E9)Satisfied
(maxStrataSize: ,3.0)(minStrataSize: ,2.0)(K: ,2.0)(estimateError: ,2.194131039248413E-11,  defined errorBound,2.295773109012E9)Satisfied(
this is the final magick: ,2.0,eatimate sample size: ,5735435.0)not have enough storage budget(
sampled qcs: ,List(Q1, Q10))Q1
Using sample
date: 1998-12-01 ; final date: 1998-09-02
+------------+------------+---------+--------------+--------------------+--------------------+---------+------------+--------+-----------+
|l_returnflag|l_linestatus|sum_qty  |sum_base_price|sum_disc_price      |sum_charge          |avg_qty  |avg_price   |avg_disc|count_order|
+------------+------------+---------+--------------+--------------------+--------------------+---------+------------+--------+-----------+
|A           |F           |161840.00|242946417.39  |2.3078503023510006E8|2.3987314429334494E8|25.648177|38501.809412|0.050171|6310       |
|N           |F           |3722.00  |5651465.13    |5351229.060699999   |5583014.187939001   |24.813333|37676.434200|0.050000|150        |
|N           |O           |148504.00|222468645.16  |2.1139758461440003E8|2.1995315377089497E8|25.320375|37931.567802|0.049848|5865       |
|R           |F           |160223.00|238597424.53  |2.2644328404070002E8|2.35586393151827E8  |25.391918|37812.587089|0.050767|6310       |
+------------+------------+---------+--------------+--------------------+--------------------+---------+------------+--------+-----------+

Q3
+----------+-----------+--------------+------------------+
|l_orderkey|o_orderdate|o_shippriority|revenue           |
+----------+-----------+--------------+------------------+
|2456423   |1995-03-05 |0             |406181.0111       |
|3459808   |1995-03-04 |0             |405838.69889999996|
|492164    |1995-02-19 |0             |390324.061        |
|1188320   |1995-03-09 |0             |384537.9359       |
|2435712   |1995-02-26 |0             |378673.05580000003|
|4878020   |1995-03-12 |0             |378376.7952       |
|5521732   |1995-03-13 |0             |375153.9215       |
|2628192   |1995-02-22 |0             |373133.30939999997|
|993600    |1995-03-05 |0             |371407.4595       |
|2300070   |1995-03-13 |0             |367371.1452000001 |
+----------+-----------+--------------+------------------+

Q5
date: 1995-01-01 ; final date: 1994-01-01
+---------+--------------------+
|n_name   |revenue             |
+---------+--------------------+
|INDONESIA|5.550204116969999E7 |
|VIETNAM  |5.52950869967E7     |
|CHINA    |5.372449425659999E7 |
|INDIA    |5.2035512000199996E7|
|JAPAN    |4.541017569539999E7 |
+---------+--------------------+

Q6
Using whole dataframe
date: 1994-01-01 ; final date: 1995-01-01
+----------------------------------------+
|UDF(sum((l_extendedprice * l_discount)))|
+----------------------------------------+
|1.231410782283E8                        |
+----------------------------------------+

Q7
+-----------+-----------+------+--------------------+
|supp_nation|cust_nation|l_year|revenue             |
+-----------+-----------+------+--------------------+
|FRANCE     |GERMANY    |1995  |5.46397327336E7     |
|FRANCE     |GERMANY    |1996  |5.463308330760002E7 |
|GERMANY    |FRANCE     |1995  |5.253174666970001E7 |
|GERMANY    |FRANCE     |1996  |5.2520549022400014E7|
+-----------+-----------+------+--------------------+

Q9
+--------------+------+--------------------+
|nation        |o_year|sum_profit          |
+--------------+------+--------------------+
|ALGERIA       |1998  |2.71369001803E7     |
|ALGERIA       |1997  |4.8611833496199995E7|
|ALGERIA       |1996  |4.828548267819999E7 |
|ALGERIA       |1995  |4.440227359990001E7 |
|ALGERIA       |1994  |4.869400806679999E7 |
|ALGERIA       |1993  |4.60442077838E7     |
|ALGERIA       |1992  |4.56368494881E7     |
|ARGENTINA     |1998  |2.8341663784800008E7|
|ARGENTINA     |1997  |4.714396411759999E7 |
|ARGENTINA     |1996  |4.525527860210001E7 |
|ARGENTINA     |1995  |4.563176920539999E7 |
|ARGENTINA     |1994  |4.82688563547E7     |
|ARGENTINA     |1993  |4.860559361619999E7 |
|ARGENTINA     |1992  |4.665424074869999E7 |
|BRAZIL        |1998  |2.6527736395999994E7|
|BRAZIL        |1997  |4.5640660767699994E7|
|BRAZIL        |1996  |4.509064716299999E7 |
|BRAZIL        |1995  |4.40158885132E7     |
|BRAZIL        |1994  |4.4854218893199995E7|
|BRAZIL        |1993  |4.576660373789999E7 |
|BRAZIL        |1992  |4.52802168027E7     |
|CANADA        |1998  |2.68289853944E7     |
|CANADA        |1997  |4.48499543186E7     |
|CANADA        |1996  |4.63079361108E7     |
|CANADA        |1995  |4.731199304410001E7 |
|CANADA        |1994  |4.6691491959599994E7|
|CANADA        |1993  |4.663479111209999E7 |
|CANADA        |1992  |4.587384968819998E7 |
|CHINA         |1998  |2.7510180165699996E7|
|CHINA         |1997  |4.612386540969999E7 |
|CHINA         |1996  |4.9532807060100004E7|
|CHINA         |1995  |4.67346514838E7     |
|CHINA         |1994  |4.639789660970001E7 |
|CHINA         |1993  |4.96346739463E7     |
|CHINA         |1992  |4.694945764259999E7 |
|EGYPT         |1998  |2.8401491796800006E7|
|EGYPT         |1997  |4.767485767830001E7 |
|EGYPT         |1996  |4.774572754499999E7 |
|EGYPT         |1995  |4.5897160678299986E7|
|EGYPT         |1994  |4.7194895228E7      |
|EGYPT         |1993  |4.9133627647099994E7|
|EGYPT         |1992  |4.7000574502699986E7|
|ETHIOPIA      |1998  |2.51350461377E7     |
|ETHIOPIA      |1997  |4.3010596083799995E7|
|ETHIOPIA      |1996  |4.36362871922E7     |
|ETHIOPIA      |1995  |4.3575757334300004E7|
|ETHIOPIA      |1994  |4.1597208528299995E7|
|ETHIOPIA      |1993  |4.2622804161599986E7|
|ETHIOPIA      |1992  |4.438573568130001E7 |
|FRANCE        |1998  |2.6210392280400004E7|
|FRANCE        |1997  |4.23929694731E7     |
|FRANCE        |1996  |4.330631797489999E7 |
|FRANCE        |1995  |4.6377408432799995E7|
|FRANCE        |1994  |4.344735299220001E7 |
|FRANCE        |1993  |4.372996106390001E7 |
|FRANCE        |1992  |4.4052308429000005E7|
|GERMANY       |1998  |2.5991257107099995E7|
|GERMANY       |1997  |4.3968355807900004E7|
|GERMANY       |1996  |4.588207480489999E7 |
|GERMANY       |1995  |4.33143383077E7     |
|GERMANY       |1994  |4.46169954369E7     |
|GERMANY       |1993  |4.512664591129998E7 |
|GERMANY       |1992  |4.436114121069999E7 |
|INDIA         |1998  |2.96264172379E7     |
|INDIA         |1997  |5.13861113448E7     |
|INDIA         |1996  |4.7571018512200005E7|
|INDIA         |1995  |4.934406228289999E7 |
|INDIA         |1994  |5.01069524261E7     |
|INDIA         |1993  |4.81127666987E7     |
|INDIA         |1992  |4.79143031234E7     |
|INDONESIA     |1998  |2.77349096763E7     |
|INDONESIA     |1997  |4.459381298630001E7 |
|INDONESIA     |1996  |4.474672980779999E7 |
|INDONESIA     |1995  |4.55936226993E7     |
|INDONESIA     |1994  |4.598848387720001E7 |
|INDONESIA     |1993  |4.614796378950001E7 |
|INDONESIA     |1992  |4.51857770688E7     |
|IRAN          |1998  |2.66616089301E7     |
|IRAN          |1997  |4.501911416959999E7 |
|IRAN          |1996  |4.589139709920001E7 |
|IRAN          |1995  |4.4414285234799996E7|
|IRAN          |1994  |4.36963604795E7     |
|IRAN          |1993  |4.5362775809400015E7|
|IRAN          |1992  |4.305233841430001E7 |
|IRAQ          |1998  |3.118849819139999E7 |
|IRAQ          |1997  |4.85853075222E7     |
|IRAQ          |1996  |5.00365938404E7     |
|IRAQ          |1995  |4.87748017275E7     |
|IRAQ          |1994  |4.8795847231000006E7|
|IRAQ          |1993  |4.7435691508200005E7|
|IRAQ          |1992  |4.756235565710001E7 |
|JAPAN         |1998  |2.4694102172000002E7|
|JAPAN         |1997  |4.2377052345400006E7|
|JAPAN         |1996  |4.026777890939999E7 |
|JAPAN         |1995  |4.0925317465E7      |
|JAPAN         |1994  |4.11595183058E7     |
|JAPAN         |1993  |3.9589074277100004E7|
|JAPAN         |1992  |3.911349390519998E7 |
|JORDAN        |1998  |2.348986778929999E7 |
|JORDAN        |1997  |4.16159626619E7     |
|JORDAN        |1996  |4.18608554684E7     |
|JORDAN        |1995  |3.99316720908E7     |
|JORDAN        |1994  |4.07075554638E7     |
|JORDAN        |1993  |3.906040546580001E7 |
|JORDAN        |1992  |4.1657604268400006E7|
|KENYA         |1998  |2.5566337430299997E7|
|KENYA         |1997  |4.3108847902399994E7|
|KENYA         |1996  |4.3482953543E7      |
|KENYA         |1995  |4.251798898139999E7 |
|KENYA         |1994  |4.361247945230001E7 |
|KENYA         |1993  |4.2724038757099986E7|
|KENYA         |1992  |4.32171062068E7     |
|MOROCCO       |1998  |2.4915496875600003E7|
|MOROCCO       |1997  |4.2698382855000004E7|
|MOROCCO       |1996  |4.29861135049E7     |
|MOROCCO       |1995  |4.2316089159299985E7|
|MOROCCO       |1994  |4.345860460289998E7 |
|MOROCCO       |1993  |4.267228806989999E7 |
|MOROCCO       |1992  |4.2800781641499996E7|
|MOZAMBIQUE    |1998  |2.8279876030099995E7|
|MOZAMBIQUE    |1997  |5.115921622979999E7 |
|MOZAMBIQUE    |1996  |4.8072525064500004E7|
|MOZAMBIQUE    |1995  |4.8905200600700006E7|
|MOZAMBIQUE    |1994  |4.60920762805E7     |
|MOZAMBIQUE    |1993  |4.85559262669E7     |
|MOZAMBIQUE    |1992  |4.7809075119200006E7|
|PERU          |1998  |2.6713966267799996E7|
|PERU          |1997  |4.832400860109998E7 |
|PERU          |1996  |5.03100088629E7     |
|PERU          |1995  |4.96470809629E7     |
|PERU          |1994  |4.642091027730001E7 |
|PERU          |1993  |5.15369062487E7     |
|PERU          |1992  |4.77116653137E7     |
|ROMANIA       |1998  |2.727199310099999E7 |
|ROMANIA       |1997  |4.50630591953E7     |
|ROMANIA       |1996  |4.749233503230001E7 |
|ROMANIA       |1995  |4.571063629089999E7 |
|ROMANIA       |1994  |4.6088041106599994E7|
|ROMANIA       |1993  |4.751509256129999E7 |
|ROMANIA       |1992  |4.41114398044E7     |
|RUSSIA        |1998  |2.7935323727099996E7|
|RUSSIA        |1997  |4.82223472924E7     |
|RUSSIA        |1996  |4.75535594932E7     |
|RUSSIA        |1995  |4.67559900976E7     |
|RUSSIA        |1994  |4.8000515619100004E7|
|RUSSIA        |1993  |4.856962450820001E7 |
|RUSSIA        |1992  |4.767283153289999E7 |
|SAUDI ARABIA  |1998  |2.7113516842400003E7|
|SAUDI ARABIA  |1997  |4.66904689649E7     |
|SAUDI ARABIA  |1996  |4.7775782666999996E7|
|SAUDI ARABIA  |1995  |4.665710782870001E7 |
|SAUDI ARABIA  |1994  |4.818167281000001E7 |
|SAUDI ARABIA  |1993  |4.569255644380001E7 |
|SAUDI ARABIA  |1992  |4.8924913271699995E7|
|UNITED KINGDOM|1998  |2.6366682878599998E7|
|UNITED KINGDOM|1997  |4.45181301851E7     |
|UNITED KINGDOM|1996  |4.55397296166E7     |
|UNITED KINGDOM|1995  |4.6845879338999994E7|
|UNITED KINGDOM|1994  |4.3081609573699996E7|
|UNITED KINGDOM|1993  |4.47701467555E7     |
|UNITED KINGDOM|1992  |4.41234025484E7     |
|UNITED STATES |1998  |2.7826593682499997E7|
|UNITED STATES |1997  |4.6638572364800006E7|
|UNITED STATES |1996  |4.668828054739999E7 |
|UNITED STATES |1995  |4.895159161559999E7 |
|UNITED STATES |1994  |4.509909205980001E7 |
|UNITED STATES |1993  |4.6181600527799994E7|
|UNITED STATES |1992  |4.6168214090100005E7|
|VIETNAM       |1998  |2.7281931001100004E7|
|VIETNAM       |1997  |4.873591417960001E7 |
|VIETNAM       |1996  |4.782459590399999E7 |
|VIETNAM       |1995  |4.823513580160001E7 |
|VIETNAM       |1994  |4.772925633239999E7 |
|VIETNAM       |1993  |4.535267686720002E7 |
|VIETNAM       |1992  |4.7846355648499995E7|
+--------------+------+--------------------+

Q10
Using sample
date: 1993-10-01 ; final date: 1994-01-01
+---------+------------------+---------+---------------+--------------+---------------------------------------+----------------------------------------------------------------------------------------------------------------+------------------+
|c_custkey|c_name            |c_acctbal|c_phone        |n_name        |c_address                              |c_comment                                                                                                       |revenue           |
+---------+------------------+---------+---------------+--------------+---------------------------------------+----------------------------------------------------------------------------------------------------------------+------------------+
|84223    |Customer#000084223|528.65   |33-442-824-8191|UNITED KINGDOM|nAVZCs6BaWap rrM27N 2qBnzc5WBauxbA     | slyly final deposits haggle regular, pending dependencies. pending escapades wake                              |469551.947        |
|110149   |Customer#000110149|4315.57  |10-702-652-8227|ALGERIA       |GRCbTS24fPpxaKvLB3PqFSMusKIdVm3        |ically. permanently regular requests solve. busily ironic foxes wake.                                           |463248.33329999994|
|23431    |Customer#000023431|3381.86  |29-915-458-2654|ROMANIA       |HgiV0phqhaIa9aydNoIlb                  |nusual, even instructions: furiously stealthy n                                                                 |462902.9974       |
|57040    |Customer#000057040|632.87   |22-895-641-3466|JAPAN         |Eioyzjf4pp                             |sits. slyly regular requests sleep alongside of the regular inst                                                |459868.5233       |
|33688    |Customer#000033688|3922.07  |15-567-317-3181|ETHIOPIA      |oc0SWQBKjELUXV,ODvfiV7fYythy           |es haggle alongside of the blithely unusua                                                                      |448126.00369999994|
|143347   |Customer#000143347|2557.47  |14-742-935-3718|EGYPT         |1aReFYv,Kw4                            |ggle carefully enticing requests. final deposits use bold, bold pinto beans. ironic, idle re                    |422468.782        |
|60838    |Customer#000060838|2454.77  |12-913-494-9813|BRAZIL        |64EaJ5vMAHWJlBOxJklpNc2RJiWE           | need to boost against the slyly regular account                                                                |421107.6166       |
|135664   |Customer#000135664|8069.83  |31-502-979-8699|VIETNAM       |z9sga5odgzMaGDQCPnwcQ0Qf9GFDFrnPqtpYPFI|es are carefully after the dep                                                                                  |418752.67519999994|
|57500    |Customer#000057500|8220.84  |15-976-670-6651|ETHIOPIA      |ZM85XL8V4EW2d,73xTVB5 GfMvWcUc         |ing sentiments detect. regular deposits boost carefully about the always final packages.                        |412994.8985       |
|101998   |Customer#000101998|3790.89  |33-593-865-6378|UNITED KINGDOM|01c9CILnNtfOQYmZj                      |ress foxes wake slyly after the bold excuses. ironic platelets are furiously carefully bold theodolites         |406876.0243       |
|25501    |Customer#000025501|7725.04  |15-874-808-6793|ETHIOPIA      |  W556MXuoiaYCCZamJI,Rn0B4ACUGdkQ8DZ   |he pending instructions wake carefully at the pinto beans. regular, final instructions along the slyly fina     |387812.37639999995|
|736      |Customer#000000736|9114.68  |11-617-726-2039|ARGENTINA     |zQNs5e2aFcVY8MigFQEBtoCaQ9e            | the deposits. blithely regular asymptotes boost q                                                              |376263.5658       |
|78770    |Customer#000078770|8073.92  |27-389-363-3438|PERU          |C6ELp1q3VPzyykUE7uV0gr WVnXK           | are across the regular, special platelets. blithely even accounts sleep quickly a                              |374514.84300000005|
|129571   |Customer#000129571|2791.05  |33-217-399-1269|UNITED KINGDOM|2DZgec,0Jc7,f5                         | closely regular theodolites. regular foxes sleep blithely. blithely expre                                      |370801.0856       |
|48790    |Customer#000048790|-185.07  |15-775-825-5021|ETHIOPIA      |H6VovC6K26SPJvT88W1lJkheHujnCn8lRo     |nusual pinto beans nag furiously always ironic req                                                              |370509.08150000003|
|110683   |Customer#000110683|6618.27  |12-320-890-1864|BRAZIL        |oiCQ2Rr6wdkq                           |refully special theodolites detect according to the furiously express deposits. pinto beans are regula          |370277.65380000003|
|123014   |Customer#000123014|-517.49  |11-415-790-6794|ARGENTINA     |8Dcx1HcWVP6w0gu7,DOYN2                 |sh quickly even accounts. accounts wake quickly accounts. foxes grow. sly                                       |367039.932        |
|78622    |Customer#000078622|268.84   |24-736-894-7777|KENYA         |A6U5cLLFmviaCSU6IVcWxQlcY3 mVO2SjWwuJns|as. quickly regular platelets integrate sometimes. silent dependenci                                            |361221.4758       |
|142549   |Customer#000142549|5085.99  |19-955-562-2398|INDONESIA     |ChqEoK43OysjdHbtKCp6dKqjNyvvi9         |sleep pending courts. ironic deposits against the carefully unusual platelets cajole carefully express accounts.|360411.8235       |
|28153    |Customer#000028153|9459.45  |11-533-314-6821|ARGENTINA     |cEdsbvyU2ufQ                           |nto beans across the ironic, bold accounts mold busily around the fluffily express accounts. unus               |360063.3179       |
+---------+------------------+---------+---------------+--------------+---------------------------------------+----------------------------------------------------------------------------------------------------------------+------------------+

Q11
+----------+--------------------+
|ps_partkey|value               |
+----------+--------------------+
|129760    |1.753845686E7       |
|166726    |1.650335392E7       |
|191287    |1.6474801969999999E7|
|161758    |1.610175554E7       |
|34452     |1.598384472E7       |
|139035    |1.590707834E7       |
|9403      |1.5451755620000001E7|
|154358    |1.5212937879999999E7|
|38823     |1.506480286E7       |
|85606     |1.5053957150000002E7|
|33354     |1.44082974E7        |
|154747    |1.440758068E7       |
|82865     |1.4235489780000001E7|
|76094     |1.409424704E7       |
|222       |1.393777774E7       |
|121271    |1.3908336E7         |
|55221     |1.371612047E7       |
|22819     |1.3666434280000001E7|
|76281     |1.364685368E7       |
|85298     |1.358115493E7       |
|85158     |1.3554904E7         |
|139684    |1.3535538719999999E7|
|31034     |1.349802525E7       |
|87305     |1.348284704E7       |
|10181     |1.344514875E7       |
|62323     |1.34118243E7        |
|26489     |1.337725638E7       |
|96493     |1.333905783E7       |
|56548     |1.3329014969999999E7|
|55576     |1.3306843350000001E7|
|159751    |1.330661448E7       |
|92406     |1.32874145E7        |
|182636    |1.3223726739999998E7|
|199969    |1.313528821E7       |
|62865     |1.3001926940000001E7|
|7284      |1.2945298190000001E7|
|197867    |1.294451052E7       |
|11562     |1.293157551E7       |
|75165     |1.2916918120000001E7|
|97175     |1.29112835E7        |
|140840    |1.289656223E7       |
|65241     |1.289060046E7       |
|166120    |1.287692722E7       |
|9035      |1.28638287E7        |
|144616    |1.2853549299999999E7|
|176723    |1.283230974E7       |
|170884    |1.2792136579999998E7|
|29790     |1.272330033E7       |
|95213     |1.255548373E7       |
|183873    |1.255053305E7       |
|171235    |1.24765383E7        |
|21533     |1.243782132E7       |
|17290     |1.24321595E7        |
|156397    |1.22606235E7        |
|122611    |1.222281298E7       |
|139155    |1.222031925E7       |
|146316    |1.221580061E7       |
|171381    |1.219973452E7       |
|198633    |1.207822695E7       |
|167417    |1.2046637620000001E7|
|59512     |1.204346876E7       |
|31688     |1.203489364E7       |
|159586    |1.2001505840000002E7|
|8993      |1.19638143E7        |
|120302    |1.1857707549999999E7|
|43536     |1.177934052E7       |
|9552      |1.177690916E7       |
|86223     |1.177220508E7       |
|53776     |1.175866965E7       |
|131285    |1.161695374E7       |
|91628     |1.161111483E7       |
|169644    |1.1567959719999999E7|
|182299    |1.156746205E7       |
|33107     |1.145381876E7       |
|104184    |1.1436657440000001E7|
|67027     |1.141912714E7       |
|176869    |1.1371451709999999E7|
|30885     |1.136967479E7       |
|54420     |1.1345076879999999E7|
|72240     |1.1313951049999999E7|
|178708    |1.1294635169999998E7|
|81298     |1.127368613E7       |
|158324    |1.124344272E7       |
|117095    |1.124253524E7       |
|176793    |1.1237733379999999E7|
|86091     |1.117779379E7       |
|116033    |1.114543436E7       |
|129058    |1.11191122E7        |
|193714    |1.110470639E7       |
|117195    |1.107721796E7       |
|49851     |1.1043701780000001E7|
|19791     |1.103066262E7       |
|75800     |1.1012401620000001E7|
|161562    |1.0996371690000001E7|
|10119     |1.098001575E7       |
|39185     |1.0970042559999999E7|
|47223     |1.0950022129999999E7|
|175594    |1.094292305E7       |
|111295    |1.089367561E7       |
|155446    |1.085276457E7       |
|156391    |1.0839810379999999E7|
|40884     |1.0837234190000001E7|
|141288    |1.083713021E7       |
|152388    |1.083097782E7       |
|33449     |1.083085872E7       |
|149035    |1.082613002E7       |
|162620    |1.081427568E7       |
|118324    |1.07917881E7        |
|38932     |1.077754175E7       |
|121294    |1.0764225219999999E7|
|48721     |1.076258249E7       |
|63342     |1.07401326E7        |
|5614      |1.0724668799999999E7|
|62266     |1.07111431E7        |
|100202    |1.069667555E7       |
|197741    |1.0688560719999999E7|
|169178    |1.06485228E7        |
|5271      |1.063939265E7       |
|34499     |1.0584177100000001E7|
|71108     |1.056911756E7       |
|137132    |1.0539880469999999E7|
|78451     |1.052487324E7       |
|150827    |1.050381048E7       |
|107237    |1.048803084E7       |
|101727    |1.0473558100000001E7|
|58708     |1.046628044E7       |
|89768     |1.0465477219999999E7|
|146493    |1.044429158E7       |
|55424     |1.044400648E7       |
|16560     |1.042557474E7       |
|133114    |1.04150979E7        |
|195810    |1.04136252E7        |
|76673     |1.039197718E7       |
|97305     |1.039089057E7       |
|134210    |1.038721002E7       |
|188536    |1.038652992E7       |
|122255    |1.033576032E7       |
|2682      |1.03129661E7        |
|43814     |1.030308661E7       |
|34767     |1.029040518E7       |
|165584    |1.027370589E7       |
|2231      |1.027041555E7       |
|111259    |1.026325656E7       |
|195578    |1.023979582E7       |
|21093     |1.02175313E7        |
|29856     |1.0216932540000001E7|
|133686    |1.021334576E7       |
|87745     |1.01855094E7        |
|135153    |1.01793797E7        |
|11773     |1.016741084E7       |
|76316     |1.01651517E7        |
|123076    |1.016122578E7       |
|91894     |1.013046219E7       |
|39741     |1.012838752E7       |
|111753    |1.0119780979999999E7|
|142729    |1.010474889E7       |
|116775    |1.0097750419999998E7|
|102589    |1.003478436E7       |
|186268    |1.001218157E7       |
|44545     |1.000028648E7       |
|23307     |9966577.5           |
|124281    |9930018.9           |
|69604     |9925730.64          |
|21971     |9908982.030000001   |
|58148     |9895894.4           |
|16532     |9886529.9           |
|159180    |9883744.43          |
|74733     |9877582.879999999   |
|35173     |9858275.92          |
|7116      |9856881.020000001   |
|124620    |9838589.14          |
|122108    |9829949.350000001   |
|67200     |9828690.69          |
|164775    |9821424.44          |
|9039      |9816447.72          |
|14912     |9803102.2           |
|190906    |9791315.7           |
|130398    |9781674.27          |
|119310    |9776927.209999999   |
|10132     |9770930.780000001   |
|107211    |9757586.25          |
|113958    |9757065.5           |
|37009     |9748362.69          |
|66746     |9743528.76          |
|134486    |9731922.0           |
|15945     |9731096.45          |
|55307     |9717745.8           |
|56362     |9714922.83          |
|57726     |9711792.100000001   |
|57256     |9708621.0           |
|112292    |9701653.08          |
|87514     |9699492.53          |
|174206    |9680562.02          |
|72865     |9679043.34          |
|114357    |9671017.44          |
|112807    |9665019.21          |
|115203    |9661018.73          |
|177454    |9658906.35          |
|161275    |9634313.71          |
|61893     |9617095.440000001   |
|122219    |9604888.200000001   |
|183427    |9601362.58          |
|59158     |9599705.96          |
|61931     |9584918.98          |
|5532      |9579964.14          |
|20158     |9576714.38          |
|167199    |9557413.08          |
|38869     |9550279.53          |
|86949     |9541943.700000001   |
|198544    |9538613.92          |
|193762    |9538238.94          |
|108807    |9536247.16          |
|168324    |9535647.99          |
|115588    |9532195.04          |
|141372    |9529702.14          |
|175120    |9526068.66          |
|163851    |9522808.83          |
|160954    |9520359.45          |
|117757    |9517882.8           |
|52594     |9508325.76          |
|60960     |9498843.06          |
|70272     |9495775.620000001   |
|44050     |9495515.36          |
|152213    |9494756.96          |
|121203    |9492601.3           |
|70114     |9491012.3           |
|167588    |9484741.11          |
|136455    |9476241.78          |
|4357      |9464355.64          |
|6786      |9463632.57          |
|61345     |9455336.700000001   |
|160826    |9446754.84          |
|71275     |9440138.4           |
|77746     |9439118.35          |
|91289     |9437472.0           |
|56723     |9435102.16          |
|86647     |9434604.18          |
|131234    |9432120.0           |
|198129    |9427651.36          |
|165530    |9426193.68          |
|69233     |9425053.92          |
|6243      |9423304.66          |
|90110     |9420422.7           |
|191980    |9419368.360000001   |
|38461     |9419316.07          |
|167873    |9419024.489999998   |
|159373    |9416950.149999999   |
|128707    |9413428.5           |
|45267     |9410863.78          |
|48460     |9409793.93          |
|197672    |9406887.68          |
|60884     |9403442.4           |
|15209     |9403245.31          |
|138049    |9401262.1           |
|199286    |9391770.7           |
|19629     |9391236.4           |
|134019    |9390615.15          |
|169475    |9387639.58          |
|165918    |9379510.44          |
|135602    |9374251.540000001   |
|162323    |9367566.51          |
|96277     |9360850.68          |
|98336     |9359671.290000001   |
|119781    |9356395.73          |
|34440     |9355365.0           |
|57362     |9355180.1           |
|167236    |9352973.84          |
|38463     |9347530.940000001   |
|86749     |9346826.44          |
|170007    |9345699.9           |
|193087    |9343744.0           |
|150383    |9332576.75          |
|60932     |9329582.02          |
|128420    |9328206.35          |
|162145    |9327722.88          |
|55686     |9320304.4           |
|163080    |9304916.96          |
|160583    |9303515.92          |
|118153    |9298606.56          |
|152634    |9282184.57          |
|84731     |9276586.919999998   |
|119989    |9273814.2           |
|114584    |9269698.65          |
|131817    |9268570.08          |
|29068     |9256583.88          |
|44116     |9255922.0           |
|115818    |9253311.91          |
|103388    |9239218.08          |
|186118    |9236209.12          |
|155809    |9235410.84          |
|147003    |9234847.99          |
|27769     |9232511.64          |
|112779    |9231927.360000001   |
|124851    |9228982.68          |
|158488    |9227216.4           |
|83328     |9224792.2           |
|136797    |9222927.09          |
|141730    |9216370.68          |
|87304     |9215695.5           |
|156004    |9215557.9           |
|140740    |9215329.200000001   |
|100648    |9212185.08          |
|174774    |9211718.0           |
|37644     |9211578.6           |
|48807     |9209496.24          |
|95940     |9207948.4           |
|141586    |9206699.22          |
|147248    |9205654.95          |
|61372     |9205228.76          |
|52970     |9204415.950000001   |
|26430     |9203710.51          |
|28504     |9201669.2           |
|25810     |9198878.5           |
|125329    |9198688.5           |
|167867    |9194022.719999999   |
|134767    |9191444.72          |
|127745    |9191271.559999999   |
|69208     |9187110.0           |
|155222    |9186469.16          |
|196916    |9182995.82          |
|195590    |9176353.12          |
|169155    |9175176.09          |
|81558     |9171946.5           |
|185136    |9171293.04          |
|114790    |9168509.1           |
|194142    |9165836.61          |
|167639    |9161165.0           |
|11241     |9160789.46          |
|82628     |9160155.54          |
|41399     |9148338.0           |
|30755     |9146196.84          |
|6944      |9143574.58          |
|6326      |9138803.16          |
|101296    |9135657.620000001   |
|181479    |9121093.299999999   |
|76898     |9120983.1           |
|64274     |9118745.25          |
|175826    |9117387.99          |
|142215    |9116876.88          |
|103415    |9113128.620000001   |
|119765    |9110768.79          |
|107624    |9108837.45          |
|84215     |9105257.36          |
|73774     |9102651.92          |
|173972    |9102069.0           |
|69817     |9095513.879999999   |
|86943     |9092253.0           |
|138859    |9087719.3           |
|162273    |9085296.48          |
|175945    |9080401.21          |
|16836     |9075715.44          |
|70224     |9075265.950000001   |
|139765    |9074755.89          |
|30319     |9073233.1           |
|3851      |9072657.24          |
|181271    |9070631.52          |
|162184    |9068835.780000001   |
|81683     |9067258.47          |
|153028    |9067010.51          |
|123324    |9061870.95          |
|186481    |9058608.299999999   |
|167680    |9052908.76          |
|165293    |9050545.700000001   |
|122148    |9046298.17          |
|138604    |9045840.799999999   |
|78851     |9044822.600000001   |
|137280    |9042355.34          |
|8823      |9040855.1           |
|163900    |9040848.48          |
|75600     |9035392.45          |
|81676     |9031999.4           |
|46033     |9031460.58          |
|194917    |9028500.0           |
|133936    |9026949.020000001   |
|33182     |9024971.1           |
|34220     |9021485.39          |
|20118     |9019942.6           |
|178258    |9019881.66          |
|15560     |9017687.28          |
|111425    |9016198.56          |
|95942     |9015585.120000001   |
|132709    |9015240.15          |
|39731     |9014746.95          |
|154307    |9012571.2           |
|23769     |9008157.6           |
|93328     |9007211.2           |
|142826    |8998297.440000001   |
|188792    |8996014.0           |
|68703     |8994982.22          |
|145280    |8990941.05          |
|150725    |8985686.16          |
|172046    |8982469.52          |
|70476     |8967629.5           |
|124988    |8966805.22          |
|17937     |8963319.76          |
|177372    |8954873.64          |
|137994    |8950916.79          |
|84019     |8950039.98          |
|40389     |8946158.2           |
|69187     |8941054.14          |
|4863      |8939044.92          |
|50465     |8930503.14          |
|43686     |8915543.84          |
|131352    |8909053.59          |
|198916    |8906940.03          |
|135932    |8905282.95          |
|104673    |8903682.0           |
|152308    |8903244.08          |
|135298    |8900323.2           |
|156873    |8899429.1           |
|157454    |8897339.2           |
|75415     |8897068.09          |
|46325     |8895569.09          |
|1966      |8895117.06          |
|24576     |8895034.75          |
|19425     |8890156.6           |
|169735    |8890085.56          |
|32225     |8889829.280000001   |
|124537    |8889770.71          |
|146327    |8887836.23          |
|121562    |8887740.4           |
|44731     |8882444.95          |
|93141     |8881850.879999999   |
|187871    |8873506.18          |
|71709     |8873057.28          |
|151913    |8869321.17          |
|33786     |8868955.389999999   |
|35902     |8868126.06          |
|23588     |8867769.9           |
|24508     |8867616.0           |
|161282    |8866661.43          |
|188061    |8862304.0           |
|132847    |8862082.0           |
|166843    |8861200.8           |
|30609     |8860214.73          |
|56191     |8856546.959999999   |
|160740    |8852685.43          |
|71229     |8846106.99          |
|91208     |8845541.28          |
|10995     |8845306.56          |
|78094     |8839938.290000001   |
|36489     |8838538.1           |
|198437    |8836494.84          |
|151693    |8833807.64          |
|185367    |8829791.370000001   |
|65682     |8820622.889999999   |
|65421     |8819329.239999998   |
|122225    |8816821.86          |
|85330     |8811013.16          |
|64555     |8810643.120000001   |
|104188    |8808211.02          |
|54411     |8805703.4           |
|39438     |8805282.56          |
|70795     |8800060.92          |
|20383     |8799073.28          |
|21952     |8798624.19          |
|63584     |8796590.0           |
|158768    |8796422.95          |
|166588    |8796214.379999999   |
|120600    |8793558.06          |
|157202    |8788287.879999999   |
|55358     |8786820.75          |
|168322    |8786670.73          |
|25143     |8786324.8           |
|5368      |8786274.14          |
|114025    |8786201.12          |
|97744     |8785315.940000001   |
|164327    |8784503.860000001   |
|76542     |8782613.28          |
|4731      |8772846.7           |
|157590    |8772006.45          |
|154276    |8771733.91          |
|28705     |8771576.64          |
|100226    |8769455.0           |
|179195    |8769185.16          |
|184355    |8768118.05          |
|120408    |8768011.120000001   |
|63145     |8761991.959999999   |
|53135     |8753491.799999999   |
|173071    |8750508.8           |
|41087     |8749436.79          |
|194830    |8747438.4           |
|43496     |8743359.299999999   |
|30235     |8741611.0           |
|26391     |8741399.64          |
|191816    |8740258.719999999   |
|47616     |8737229.68          |
|152101    |8734432.76          |
|163784    |8730514.34          |
|5134      |8728424.639999999   |
|155241    |8725429.86          |
|188814    |8724182.4           |
|140782    |8720378.75          |
|153141    |8719407.51          |
|169373    |8718609.06          |
|41335     |8714773.8           |
|197450    |8714617.32          |
|87004     |8714017.79          |
|181804    |8712257.76          |
|122814    |8711119.14          |
|109939    |8709193.16          |
|98094     |8708780.04          |
|74630     |8708040.75          |
|197291    |8706519.09          |
|184173    |8705467.450000001   |
|192175    |8705411.12          |
|19471     |8702536.12          |
|18052     |8702155.700000001   |
|135560    |8698137.72          |
|152791    |8697325.8           |
|170953    |8696909.19          |
|116137    |8696687.17          |
|7722      |8696589.4           |
|49788     |8694846.71          |
|13252     |8694822.42          |
|12633     |8694559.36          |
|193438    |8690426.72          |
|17326     |8689329.16          |
|96124     |8679794.58          |
|143802    |8676626.48          |
|30389     |8675826.6           |
|75250     |8675257.14          |
|72613     |8673524.94          |
|123520    |8672456.25          |
|325       |8667741.280000001   |
|167291    |8667556.18          |
|150119    |8663403.54          |
|88420     |8663355.4           |
|179784    |8653021.34          |
|130884    |8651970.0           |
|172611    |8648217.0           |
|85373     |8647796.22          |
|122717    |8646758.540000001   |
|113431    |8646348.34          |
|66015     |8643349.4           |
|33141     |8643243.18          |
|69786     |8637396.92          |
|181857    |8637393.28          |
|122939    |8636378.0           |
|196223    |8635391.02          |
|50532     |8632648.24          |
|58102     |8632614.54          |
|93581     |8632372.36          |
|52804     |8632109.25          |
|755       |8627091.68          |
|16597     |8623357.05          |
|119041    |8622397.0           |
|89050     |8621185.98          |
|98696     |8620784.82          |
|94399     |8620524.0           |
|151295    |8616671.02          |
|56417     |8613450.35          |
|121322    |8612948.23          |
|126883    |8611373.42          |
|29155     |8610163.639999999   |
|114530    |8608471.74          |
|131007    |8607394.82          |
|128715    |8606833.620000001   |
|72522     |8601479.98          |
|144061    |8595718.74          |
|83503     |8595034.2           |
|112199    |8590717.44          |
|9227      |8587350.42          |
|116318    |8585910.66          |
|41248     |8585559.639999999   |
|159398    |8584821.0           |
|105966    |8582308.790000001   |
|137876    |8580641.3           |
|122272    |8580400.77          |
|195717    |8577278.1           |
|165295    |8571121.92          |
|5840      |8570728.74          |
|120860    |8570610.440000001   |
|66692     |8567540.52          |
|135596    |8563276.309999999   |
|150576    |8562794.1           |
|7500      |8562393.84          |
|107716    |8561541.56          |
|100611    |8559995.85          |
|171192    |8557390.08          |
|107660    |8556696.6           |
|13461     |8556545.120000001   |
|90310     |8555131.51          |
|141493    |8553782.93          |
|71286     |8552682.0           |
|136423    |8551300.76          |
|54241     |8550785.25          |
|120325    |8549976.6           |
|424       |8547527.1           |
|196543    |8545907.09          |
|13042     |8542717.18          |
|58332     |8536074.69          |
|9191      |8535663.92          |
|134357    |8535429.9           |
|96207     |8534900.6           |
|92292     |8530618.78          |
|181093    |8528303.52          |
|105064    |8527491.6           |
|59635     |8526854.08          |
|136974    |8524351.56          |
|126694    |8522783.37          |
|6247      |8522606.9           |
|139447    |8522521.92          |
|96313     |8520949.92          |
|108454    |8520916.25          |
|181254    |8519496.1           |
|71117     |8519223.0           |
|131703    |8517215.280000001   |
|59312     |8510568.36          |
|2903      |8509960.35          |
|102838    |8509527.69          |
|162806    |8508906.05          |
|41527     |8508222.36          |
|118416    |8505858.36          |
|180203    |8505024.16          |
|14773     |8500598.28          |
|140446    |8499514.24          |
|199641    |8497362.59          |
|109240    |8494617.12          |
|150268    |8494188.379999999   |
|45310     |8492380.65          |
|36552     |8490733.6           |
|199690    |8490145.8           |
|185353    |8488726.68          |
|163615    |8484985.01          |
|196520    |8483545.040000001   |
|133438    |8483482.35          |
|77285     |8481442.32          |
|55824     |8476893.9           |
|76753     |8475522.12          |
|46129     |8472717.959999999   |
|28358     |8472515.5           |
|9317      |8472145.32          |
|33823     |8469721.44          |
|39055     |8469145.07          |
|91471     |8468874.56          |
|142299    |8466039.549999999   |
|97672     |8464119.8           |
|134712    |8461781.790000001   |
|157988    |8460123.200000001   |
|102284    |8458652.44          |
|73533     |8458453.32          |
|90599     |8457874.86          |
|112160    |8457863.360000001   |
|124792    |8457633.7           |
|66097     |8457573.15          |
|165271    |8456969.01          |
|146925    |8454887.91          |
|164277    |8454838.5           |
|131290    |8454811.2           |
|179386    |8450909.899999999   |
|90486     |8447873.86          |
|175924    |8444421.66          |
|185922    |8442394.88          |
|38492     |8436438.32          |
|172511    |8436287.34          |
|139539    |8434180.29          |
|11926     |8433199.52          |
|55889     |8431449.879999999   |
|163068    |8431116.4           |
|138772    |8428406.36          |
|126821    |8425180.68          |
|22091     |8420687.88          |
|55981     |8419434.38          |
|100960    |8419403.46          |
|172568    |8417955.21          |
|63135     |8415945.530000001   |
|137651    |8413170.35          |
|191353    |8413039.84          |
|62988     |8411571.48          |
|103417    |8411541.12          |
|12052     |8411519.28          |
|104260    |8408516.55          |
|157129    |8405730.08          |
|77254     |8405537.22          |
|112966    |8403512.89          |
|168114    |8402764.56          |
|49940     |8402328.2           |
|52017     |8398753.6           |
|176179    |8398087.0           |
|100215    |8395906.61          |
|61256     |8392811.200000001   |
|15366     |8388907.8           |
|109479    |8388027.2           |
|66202     |8386522.83          |
|81707     |8385761.1899999995  |
|51727     |8385426.4           |
|9980      |8382754.62          |
|174403    |8378575.73          |
|54558     |8378041.92          |
|3141      |8377378.22          |
|134829    |8377105.52          |
|145056    |8376920.760000001   |
|194020    |8375157.640000001   |
|7117      |8373982.27          |
|120146    |8373796.2           |
|126843    |8370761.28          |
|62117     |8369493.4399999995  |
|111221    |8367525.81          |
|159337    |8366092.260000001   |
|173903    |8365428.4799999995  |
|136438    |8364065.45          |
|56684     |8363198.0           |
|137597    |8363185.94          |
|20039     |8361138.24          |
|121326    |8359635.52          |
|48435     |8352863.1           |
|1712      |8349107.0           |
|167190    |8347238.699999999   |
|32113     |8346452.04          |
|40580     |8342983.32          |
|74785     |8342519.13          |
|14799     |8342236.75          |
|177291    |8341736.83          |
|198956    |8340370.649999999   |
|69179     |8338465.99          |
|118764    |8337616.56          |
|128814    |8336435.56          |
|82729     |8331766.879999999   |
|152048    |8330638.99          |
|171085    |8326259.499999999   |
|126730    |8325974.399999999   |
|77525     |8323282.5           |
|170653    |8322840.5           |
|5257      |8320350.779999999   |
|67350     |8318987.56          |
|109008    |8317836.54          |
|199043    |8316603.539999999   |
|139969    |8316551.54          |
|22634     |8316531.24          |
|173309    |8315750.25          |
|10887     |8315019.36          |
|42392     |8312895.96          |
|126040    |8312623.2           |
|101590    |8304555.420000001   |
|46891     |8302192.12          |
|138721    |8301745.62          |
|113715    |8301533.199999999   |
|78778     |8299685.64          |
|142908    |8299447.77          |
|64419     |8297631.8           |
|21396     |8296272.27          |
|4180      |8295646.92          |
|63534     |8295383.67          |
|135957    |8294389.859999999   |
|30126     |8291920.32          |
|158427    |8288938.0           |
|14545     |8288395.92          |
|75548     |8288287.199999999   |
|64473     |8286137.4399999995  |
|149553    |8285714.88          |
|151284    |8283526.649999999   |
|171091    |8282934.36          |
|194256    |8278985.34          |
|952       |8276136.0           |
|121541    |8275390.260000001   |
|177664    |8275315.200000001   |
|51117     |8274504.300000001   |
|66770     |8273407.8           |
|37238     |8272728.06          |
|46679     |8270486.55          |
|165852    |8268312.600000001   |
|99458     |8266564.47          |
|114519    |8265493.54          |
|7231      |8264881.5           |
|19033     |8264826.56          |
|125123    |8262732.65          |
|18642     |8261578.99          |
|50386     |8261380.05          |
|193770    |8259578.819999999   |
|7276      |8258101.6           |
|178045    |8253904.149999999   |
|49033     |8253696.2299999995  |
|187195    |8251334.58          |
|10590     |8249227.4           |
|143779    |8247057.7           |
|35205     |8245675.17          |
|19729     |8245081.600000001   |
|144946    |8240479.8           |
|123786    |8239581.239999999   |
|70843     |8237973.2           |
|112437    |8236907.5200000005  |
|5436      |8236039.57          |
|163754    |8235471.16          |
|115945    |8234811.36          |
|27918     |8233957.88          |
|105712    |8233571.859999999   |
|41007     |8229431.79          |
|40476     |8226640.41          |
|145620    |8221371.6           |
|7771      |8220413.33          |
|86424     |8215572.61          |
|129137    |8215478.399999999   |
|76020     |8210495.359999999   |
|140213    |8209831.800000001   |
|32379     |8208338.88          |
|130616    |8207715.75          |
|195469    |8206609.800000001   |
|191805    |8205147.75          |
|90906     |8200951.199999999   |
|170910    |8195558.01          |
|105399    |8193122.63          |
|123798    |8192385.97          |
|90218     |8191689.16          |
|114766    |8189339.54          |
|11289     |8187354.72          |
|178308    |8185750.5           |
|71271     |8185519.239999999   |
|1115      |8184903.380000001   |
|152636    |8184530.720000001   |
|151619    |8182909.05          |
|116943    |8181072.69          |
|28891     |8181051.54          |
|47049     |8180955.0           |
|158827    |8180470.899999999   |
|92620     |8179671.550000001   |
|20814     |8176953.54          |
|179323    |8176795.55          |
|193453    |8174343.94          |
|56888     |8173342.0           |
|28087     |8169876.3           |
|164254    |8169632.35          |
|57661     |8168848.16          |
|7363      |8167538.05          |
|164499    |8167512.08          |
|197557    |8165940.45          |
|5495      |8164805.22          |
|966       |8163824.79          |
|98435     |8161771.45          |
|127227    |8161344.92          |
|194100    |8160978.78          |
|40134     |8160358.08          |
|107341    |8159952.05          |
|6790      |8158792.66          |
|43851     |8157101.4           |
|51295     |8156419.2           |
|69512     |8151537.0           |
|164274    |8149869.93          |
|130854    |8145338.85          |
|186865    |8143586.82          |
|176629    |8141411.2           |
|193739    |8141377.7700000005  |
|6810      |8139822.6           |
|27732     |8136724.96          |
|50616     |8134089.82          |
|123908    |8128920.54          |
|140994    |8128470.819999999   |
|99039     |8128290.78          |
|62735     |8124940.5           |
|47829     |8122796.5           |
|192635    |8122687.569999999   |
|192429    |8119268.0           |
|145812    |8119165.63          |
|42896     |8118529.800000001   |
|146877    |8118266.16          |
|60882     |8116095.04          |
|18254     |8114783.039999999   |
|165464    |8114571.8           |
|57936     |8111927.25          |
|52226     |8110723.32          |
|128571    |8106788.8           |
|100308    |8105837.04          |
|8872      |8102395.619999999   |
|58867     |8102033.19          |
|145153    |8100222.84          |
|172088    |8098138.2           |
|59398     |8095845.45          |
|89395     |8093576.100000001   |
|171961    |8093538.0           |
|88736     |8090762.16          |
|174053    |8090350.109999999   |
|102237    |8089103.22          |
|43041     |8086537.899999999   |
|110219    |8085296.899999999   |
|126738    |8084199.199999999   |
|44787     |8083628.4           |
|31277     |8083580.760000001   |
|93595     |8082188.8           |
|189040    |8080257.210000001   |
|59851     |8079024.239999999   |
|175100    |8077904.01          |
|43429     |8076729.96          |
|154199    |8074940.76          |
|60963     |8073894.4           |
|8768      |8072760.96          |
|66095     |8071421.7           |
|111552    |8068184.48          |
|24563     |8067500.399999999   |
|16167     |8067495.239999999   |
|12662     |8067248.850000001   |
|94540     |8063727.16          |
|23308     |8063463.180000001   |
|27390     |8062823.25          |
|130660    |8062787.48          |
|8608      |8062411.16          |
|181552    |8062008.3           |
|199319    |8060248.56          |
|55475     |8058850.92          |
|142711    |8057926.58          |
|103499    |8056978.0           |
|105943    |8056698.75          |
|8432      |8053052.16          |
|149392    |8049675.6899999995  |
|101248    |8048855.49          |
|140962    |8047260.7           |
|87101     |8046651.83          |
|133107    |8046476.73          |
|45126     |8045924.399999999   |
|87508     |8042966.39          |
|124711    |8042722.72          |
|173169    |8042224.41          |
|175161    |8041331.9799999995  |
|167787    |8040075.779999999   |
|3242      |8038855.53          |
|114789    |8038628.35          |
|43833     |8038545.83          |
|141198    |8035110.72          |
|137248    |8034109.35          |
|96673     |8033491.2           |
|32180     |8032380.720000001   |
|166493    |8031902.399999999   |
|66959     |8031839.4           |
|85628     |8029693.4399999995  |
|110971    |8029469.7           |
|130395    |8027463.920000001   |
|7757      |8026840.37          |
|178446    |8025379.09          |
|41295     |8024785.53          |
|100956    |8024179.300000001   |
|131917    |8021604.78          |
|24224     |8020463.52          |
|2073      |8020009.64          |
|121622    |8018462.17          |
|14357     |8016906.3           |
|135601    |8016209.4399999995  |
|58458     |8016192.52          |
|73036     |8015799.0           |
|184722    |8015680.3100000005  |
|151664    |8014821.96          |
|195090    |8012680.199999999   |
|162609    |8011241.0           |
|83532     |8009753.850000001   |
|50166     |8007137.89          |
|181562    |8006805.960000001   |
|175165    |8005319.76          |
|62500     |8005316.279999999   |
|36342     |8004333.4           |
|128435    |8004242.88          |
|92516     |8003836.800000001   |
|30802     |8003710.88          |
|107418    |8000430.3           |
|46620     |7999778.350000001   |
|191803    |7994734.15          |
|106343    |7993087.76          |
|59362     |7990397.46          |
|8329      |7990052.899999999   |
|75133     |7988244.0           |
|179023    |7986829.62          |
|135899    |7985726.64          |
|5824      |7985340.02          |
|148579    |7984889.56          |
|95888     |7984735.720000001   |
|9791      |7982699.790000001   |
|170437    |7982370.720000001   |
|39782     |7977858.239999999   |
|20605     |7977556.0           |
|28682     |7976959.999999999   |
|42172     |7973399.0           |
|56137     |7971405.4           |
|64729     |7970769.720000001   |
|98643     |7968603.7299999995  |
|153787    |7967535.58          |
|8932      |7967222.1899999995  |
|20134     |7965713.28          |
|197635    |7963507.58          |
|80408     |7963312.17          |
|37728     |7961875.68          |
|26624     |7961772.3100000005  |
|44736     |7961144.1           |
|29763     |7960605.03          |
|36147     |7959463.68          |
|146040    |7957587.66          |
|115469    |7957485.140000001   |
|142276    |7956790.63          |
|181280    |7954037.35          |
|115096    |7953047.55          |
|109650    |7952258.73          |
|93862     |7951992.24          |
|158325    |7950728.3           |
|55952     |7950387.0600000005  |
|122397    |7947106.2700000005  |
|28114     |7946945.720000001   |
|11966     |7945197.48          |
|47814     |7944083.0           |
|85096     |7943691.06          |
|51657     |7943593.7700000005  |
|196680    |7943578.89          |
|13141     |7942730.340000001   |
|193327    |7941036.25          |
|152612    |7940663.71          |
|139680    |7939242.359999999   |
|31134     |7938318.3           |
|45636     |7937240.85          |
|56694     |7936015.949999999   |
|8114      |7933921.88          |
|71518     |7932261.69          |
|72922     |7930400.64          |
|146699    |7929167.4           |
|92387     |7928972.67          |
|186289    |7928786.1899999995  |
|95952     |7927972.78          |
|196514    |7927180.7           |
|4403      |7925729.040000001   |
|2267      |7925649.37          |
|45924     |7925047.68          |
|11493     |7916722.23          |
|104478    |7916253.600000001   |
|166794    |7913842.0           |
|161995    |7910874.27          |
|23538     |7909752.0600000005  |
|41093     |7909579.92          |
|112073    |7908617.57          |
|92814     |7908262.5           |
|88919     |7907992.5           |
|79753     |7907933.88          |
|108765    |7905338.98          |
|146530    |7905336.6           |
|71475     |7903367.58          |
|36289     |7901946.5           |
|61739     |7900794.0           |
|52338     |7898638.08          |
|194299    |7898421.24          |
|105235    |7897829.9399999995  |
|77207     |7897752.72          |
|96712     |7897575.2700000005  |
|10157     |7897046.25          |
|171154    |7896814.5           |
|79373     |7896186.0           |
|113808    |7893353.88          |
|27901     |7892952.0           |
|128820    |7892882.72          |
|25891     |7890511.2           |
|122819    |7888881.02          |
|154731    |7888301.33          |
|101674    |7879324.6           |
|51968     |7879102.21          |
|72073     |7877736.11          |
|5182      |7874521.7299999995  |
+----------+--------------------+

Q12
Using whole dataframe
date: 1994-01-01 ; final date: 1995-01-01
+----------+---------------+--------------+
|l_shipmode|high_line_count|low_line_count|
+----------+---------------+--------------+
|MAIL      |6202           |9324          |
|SHIP      |6200           |9262          |
+----------+---------------+--------------+

Q17
+-----------------+
|avg_yearly       |
+-----------------+
|348406.0542857143|
+-----------------+

Q18
+------------------+---------+----------+-----------+------------+---------------+
|c_name            |c_custkey|o_orderkey|o_orderdate|o_totalprice|sum(l_quantity)|
+------------------+---------+----------+-----------+------------+---------------+
|Customer#000128120|128120   |4722021   |1994-04-07 |544089.09   |323.00         |
|Customer#000144617|144617   |3043270   |1997-02-12 |530604.44   |317.00         |
|Customer#000013940|13940    |2232932   |1997-04-13 |522720.61   |304.00         |
|Customer#000066790|66790    |2199712   |1996-09-30 |515531.82   |327.00         |
|Customer#000046435|46435    |4745607   |1997-07-03 |508047.99   |309.00         |
|Customer#000015272|15272    |3883783   |1993-07-28 |500241.33   |302.00         |
|Customer#000146608|146608   |3342468   |1994-06-12 |499794.58   |303.00         |
|Customer#000096103|96103    |5984582   |1992-03-16 |494398.79   |312.00         |
|Customer#000024341|24341    |1474818   |1992-11-15 |491348.26   |302.00         |
|Customer#000137446|137446   |5489475   |1997-05-23 |487763.25   |311.00         |
|Customer#000107590|107590   |4267751   |1994-11-04 |485141.38   |301.00         |
|Customer#000050008|50008    |2366755   |1996-12-09 |483891.26   |302.00         |
|Customer#000015619|15619    |3767271   |1996-08-07 |480083.96   |318.00         |
|Customer#000077260|77260    |1436544   |1992-09-12 |479499.43   |307.00         |
|Customer#000109379|109379   |5746311   |1996-10-10 |478064.11   |302.00         |
|Customer#000054602|54602    |5832321   |1997-02-09 |471220.08   |307.00         |
|Customer#000105995|105995   |2096705   |1994-07-03 |469692.58   |307.00         |
|Customer#000148885|148885   |2942469   |1992-05-31 |469630.44   |313.00         |
|Customer#000114586|114586   |551136    |1993-05-19 |469605.59   |308.00         |
|Customer#000105260|105260   |5296167   |1996-09-06 |469360.57   |303.00         |
|Customer#000147197|147197   |1263015   |1997-02-02 |467149.67   |320.00         |
|Customer#000064483|64483    |2745894   |1996-07-04 |466991.35   |304.00         |
|Customer#000136573|136573   |2761378   |1996-05-31 |461282.73   |301.00         |
|Customer#000016384|16384    |502886    |1994-04-12 |458378.92   |312.00         |
|Customer#000117919|117919   |2869152   |1996-06-20 |456815.92   |317.00         |
|Customer#000012251|12251    |735366    |1993-11-24 |455107.26   |309.00         |
|Customer#000120098|120098   |1971680   |1995-06-14 |453451.23   |308.00         |
|Customer#000066098|66098    |5007490   |1992-08-07 |453436.16   |304.00         |
|Customer#000117076|117076   |4290656   |1997-02-05 |449545.85   |301.00         |
|Customer#000129379|129379   |4720454   |1997-06-07 |448665.79   |303.00         |
|Customer#000126865|126865   |4702759   |1994-11-07 |447606.65   |320.00         |
|Customer#000088876|88876    |983201    |1993-12-30 |446717.46   |304.00         |
|Customer#000036619|36619    |4806726   |1995-01-17 |446704.09   |328.00         |
|Customer#000141823|141823   |2806245   |1996-12-29 |446269.12   |310.00         |
|Customer#000053029|53029    |2662214   |1993-08-13 |446144.49   |302.00         |
|Customer#000018188|18188    |3037414   |1995-01-25 |443807.22   |308.00         |
|Customer#000066533|66533    |29158     |1995-10-21 |443576.50   |305.00         |
|Customer#000037729|37729    |4134341   |1995-06-29 |441082.97   |309.00         |
|Customer#000003566|3566     |2329187   |1998-01-04 |439803.36   |304.00         |
|Customer#000045538|45538    |4527553   |1994-05-22 |436275.31   |305.00         |
|Customer#000081581|81581    |4739650   |1995-11-04 |435405.90   |305.00         |
|Customer#000119989|119989   |1544643   |1997-09-20 |434568.25   |320.00         |
|Customer#000003680|3680     |3861123   |1998-07-03 |433525.97   |301.00         |
|Customer#000113131|113131   |967334    |1995-12-15 |432957.75   |301.00         |
|Customer#000141098|141098   |565574    |1995-09-24 |430986.69   |301.00         |
|Customer#000093392|93392    |5200102   |1997-01-22 |425487.51   |304.00         |
|Customer#000015631|15631    |1845057   |1994-05-12 |419879.59   |302.00         |
|Customer#000112987|112987   |4439686   |1996-09-17 |418161.49   |305.00         |
|Customer#000012599|12599    |4259524   |1998-02-12 |415200.61   |304.00         |
|Customer#000105410|105410   |4478371   |1996-03-05 |412754.51   |302.00         |
|Customer#000149842|149842   |5156581   |1994-05-30 |411329.35   |302.00         |
|Customer#000010129|10129    |5849444   |1994-03-21 |409129.85   |309.00         |
|Customer#000069904|69904    |1742403   |1996-10-19 |408513.00   |305.00         |
|Customer#000017746|17746    |6882      |1997-04-09 |408446.93   |303.00         |
|Customer#000013072|13072    |1481925   |1998-03-15 |399195.47   |301.00         |
|Customer#000082441|82441    |857959    |1994-02-07 |382579.74   |305.00         |
|Customer#000088703|88703    |2995076   |1994-01-30 |363812.12   |302.00         |
+------------------+---------+----------+-----------+------------+---------------+

Q19
+------------+
|revenue     |
+------------+
|3083843.0578|
+------------+

Q20
date: 1994-01-01 ; final date: 1995-01-01
+------------------+----------------------------------------+
|s_name            |s_address                               |
+------------------+----------------------------------------+
|Supplier#000000020|iybAE,RmTymrZVYaFZva2SH,j               |
|Supplier#000000091|YV45D7TkfdQanOOZ7q9QxkyGUapU1oOWU6q3    |
|Supplier#000000205|rF uV8d0JNEk                            |
|Supplier#000000285|Br7e1nnt1yxrw6ImgpJ7YdhFDjuBf           |
|Supplier#000000287|7a9SP7qW5Yku5PvSg                       |
|Supplier#000000354|w8fOo5W,aS                              |
|Supplier#000000378|FfbhyCxWvcPrO8ltp9                      |
|Supplier#000000402|i9Sw4DoyMhzhKXCH9By,AYSgmD              |
|Supplier#000000530|0qwCMwobKY OcmLyfRXlagA8ukENJv,         |
|Supplier#000000555|TfB,a5bfl3Ah 3Z 74GqnNs6zKVGM           |
|Supplier#000000640|mvvtlQKsTOsJj5Ihk7,cq                   |
|Supplier#000000729|pqck2ppy758TQpZCUAjPvlU55K3QjfL7Bi      |
|Supplier#000000736|l6i2nMwVuovfKnuVgaSGK2rDy65DlAFLegiL7   |
|Supplier#000000761|zlSLelQUj2XrvTTFnv7WAcYZGvvMTx882d4     |
|Supplier#000000887|urEaTejH5POADP2ARrf                     |
|Supplier#000000935|ij98czM 2KzWe7dDTOxB8sq0UfCdvrX         |
|Supplier#000000975|,AC e,tBpNwKb5xMUzeohxlRn, hdZJo73gFQF8y|
|Supplier#000001263|rQWr6nf8ZhB2TAiIDIvo5Io                 |
|Supplier#000001367|42YSkFcAXMMcucsqeEefOE4HeCC             |
|Supplier#000001426|bPOCc086oFm8sLtS,fGrH                   |
|Supplier#000001446|lch9HMNU1R7a0LIybsUodVknk6              |
|Supplier#000001500|wDmF5xLxtQch9ctVu,                      |
|Supplier#000001602|uKNWIeafaM644                           |
|Supplier#000001626|UhxNRzUu1dtFmp0                         |
|Supplier#000001682|pXTkGxrTQVyH1Rr                         |
|Supplier#000001700|7hMlCof1Y5zLFg                          |
|Supplier#000001726|TeRY7TtTH24sEword7yAaSkjx8              |
|Supplier#000001730|Rc8e,1Pybn r6zo0VJIEiD0UD vhk           |
|Supplier#000001746|qWsendlOekQG1aW4uq06uQaCm51se8lirv7 hBRd|
|Supplier#000001806|M934fuZSnLW                             |
|Supplier#000001855|MWk6EAeozXb                             |
|Supplier#000001931|FpJbMU2h6ZR2eBv8I9NIxF                  |
|Supplier#000002022| dwebGX7Id2pc25YvY33                    |
|Supplier#000002036|20ytTtVObjKUUI2WCB0A                    |
|Supplier#000002096|kuxseyLtq QPLXxm9ZUrnB6Kkh92JtK5cQzzXNU |
|Supplier#000002117|MRtkgKolHJ9Wh X9J,urANHKDzvjr           |
|Supplier#000002204|uYmlr46C06udCqanj0KiRsoTQakZsEyssL      |
|Supplier#000002218|nODZw5q4dx kp0K5                        |
|Supplier#000002243|nSOEV3JeOU79                            |
|Supplier#000002245|hz2qWXWVjOyKhqPYMoEwz6zFkrTaDM          |
|Supplier#000002282|ES21K9dxoW1I1TzWCj7ekdlNwSWnv1Z  6mQ,BKn|
|Supplier#000002303|nCoWfpB6YOymbgOht7ltfklpkHl             |
|Supplier#000002331|WRh2w5WFvRg7Z0S1AvSvHCL                 |
|Supplier#000002373|RzHSxOTQmElCjxIBiVA52Z JB58rJhPRylR     |
|Supplier#000002419|qydBQd14I5l5mVXa4fYY                    |
|Supplier#000002571|JZUugz04c iJFLrlGsz9O N,W 1rVHNIReyq    |
|Supplier#000002585|CsPoKpw2QuTY4AV1NkWuttneIa4SN           |
|Supplier#000002629|0Bw,q5Zp8su9XrzoCngZ3cAEXZwZ            |
|Supplier#000002721|HVdFAN2JHMQSpKm                         |
|Supplier#000002730|lIFxR4fzm31C6,muzJwl84z                 |
|Supplier#000002775|yDclaDaBD4ihH                           |
|Supplier#000002799|lwr, 6L3gdfc79PQut,4XO6nQsTJY63cAyYO    |
|Supplier#000002934|m,trBENywSArwg3DhB                      |
|Supplier#000002941|Naddba 8YTEKekZyP0                      |
|Supplier#000003028|jouzgX0WZjhNMWLaH4fy                    |
|Supplier#000003095|HxON3jJhUi3zjt,r mTD                    |
|Supplier#000003143|hdolgh608uTkHh7t6qfSqkifKaiFjnCH        |
|Supplier#000003185|hMa535Cbf2mj1Nw4OWOKWVrsK0VdDkJURrdjSIJe|
|Supplier#000003189|DWdPxt7 RnkZv6VOByR0em                  |
|Supplier#000003201|E87yws6I,t0qNs4QW7UzExKiJnJDZWue        |
|Supplier#000003213|pxrRP4irQ1VoyfQ,dTf3                    |
|Supplier#000003275|9xO4nyJ2QJcX6vGf                        |
|Supplier#000003288|EDdfNt7E5Uc,xLTupoIgYL4yY7ujh,          |
|Supplier#000003314|jnisU8MzqO4iUB3zsPcrysMw3DDUojS4q7LD    |
|Supplier#000003373|iy8VM48ynpc3N2OsBwAvhYakO2us9R1bi       |
|Supplier#000003421|Sh3dt9W5oeofFWovnFhrg,                  |
|Supplier#000003422|DJoCEapUeBXoV1iYiCcPFQvzsTv2ZI960       |
|Supplier#000003441|zvFJIzS,oUuShHjpcX                      |
|Supplier#000003590|sy79CMLxqb,Cbo                          |
|Supplier#000003607|lNqFHQYjwSAkf                           |
|Supplier#000003625|qY588W0Yk5iaUy1RXTgNrEKrMAjBYHcKs       |
|Supplier#000003723|jZEp0OEythCLcS OmJSrFtxJ66bMlzSp        |
|Supplier#000003849|KgbZEaRk,6Q3mWvwh6uptrs1KRUHg 0         |
|Supplier#000003894|vvGC rameLOk                            |
|Supplier#000003941|Pmb05mQfBMS618O7WKqZJ 9vyv              |
|Supplier#000004059|umEYZSq9RJ2WEzdsv9meU8rmqwzVLRgiZwC     |
|Supplier#000004207|tF64pwiOM4IkWjN3mS,e06WuAjLx            |
|Supplier#000004236|dl,HPtJmGipxYsSqn9wmqkuWjst,mCeJ8O6T    |
|Supplier#000004278|bBddbpBxIVp Di9                         |
|Supplier#000004281|1OwPHh Pgiyeus,iZS5eA23JDOipwk          |
|Supplier#000004304|hQCAz59k,HLlp2CKUrcBIL                  |
|Supplier#000004346|S3076LEOwo                              |
|Supplier#000004406|Ah0ZaLu6VwufPWUz,7kbXgYZhauEaHqGIg      |
|Supplier#000004430|yvSsKNSTL5HLXBET4luOsPNLxKzAMk          |
|Supplier#000004527|p pVXCnxgcklWF6A1o3OHY3qW6              |
|Supplier#000004655|67NqBc4 t3PG3F8aO IsqWNq4kGaPowYL       |
|Supplier#000004851|Rj,x6IgLT7kBL99nqp                      |
|Supplier#000004871|,phpt6AWEnUS8t4Avb50rFfdg7O9c6nU8xxv8eC5|
|Supplier#000004884|42Z1uLye9nsn6aTGBNd dI8 x               |
|Supplier#000004975|GPq5PMKY6Wy                             |
|Supplier#000005076|Xl7h9ifgvIHmqxFLgWfHK4Gjav BkP          |
|Supplier#000005195|Woi3b2ZaicPh ZSfu1EfXhE                 |
|Supplier#000005256|Onc3t57VAMchm,pmoVLaU8bONni9NsuaM PzMMFz|
|Supplier#000005257|f9g8SEHB7obMj3QXAjXS2vfYY22             |
|Supplier#000005300|gXG28YqpxU                              |
|Supplier#000005323|tMCkdqbDoyNo8vMIkzjBqYexoRAuv,T6 qzcu   |
|Supplier#000005386|Ub6AAfHpWLWP                            |
|Supplier#000005426|9Dz2OVT1q sb4BK71ljQ1XjPBYRPvO          |
|Supplier#000005465|63cYZenZBRZ613Q1FaoG0,smnC5zl9          |
|Supplier#000005484|saFdOR qW7AFY,3asPqiiAa11Mo22pCoN0BtPrKo|
|Supplier#000005505|d2sbjG43KwMPX                           |
|Supplier#000005506|On f5ypzoWgB                            |
|Supplier#000005631|14TVrjlzo2SJEBYCDgpMwTlvwSqC            |
|Supplier#000005642|ZwKxAv3V40tW E8P7Qwu,zlu,kPsL           |
|Supplier#000005686|f2RBKec2T1NIi7yS M                      |
|Supplier#000005730|5rkb0PSews HvxkL8JaD41UpnSF2cg8H1       |
|Supplier#000005736|2dq XTYhtYWSfp                          |
|Supplier#000005737|dmEWcS32C3kx,d,B95 OmYn48               |
|Supplier#000005797|,o,OebwRbSDmVl9gN9fpWPCiqB UogvlSR      |
|Supplier#000005875|lK,sYiGzB94hSyHy9xvSZFbVQNCZe2LXZuGbS   |
|Supplier#000005974|REhR5jE,lLusQXvf54SwYySgsSSVFhu         |
|Supplier#000006059|4m0cv8MwJ9yX2vlwI Z                     |
|Supplier#000006065|UiI2Cy3W4Tu5sLk LuvXLRy6KihlGv          |
|Supplier#000006093|KJNUg1odUT2wtCS2s6PrH3D6fd              |
|Supplier#000006099|aZilwQKYDTVPoK                          |
|Supplier#000006109|rY5gbfh3dKHnylcQUTPGCwnbe               |
|Supplier#000006217|RVN23SYT9jenUeaWGXUd                    |
|Supplier#000006297|73VRDOO56GUCyvc40oYJ                    |
|Supplier#000006435|xIgE69XszYbnO4Eon7cHHO8y                |
|Supplier#000006463|7 wkdj2EO49iotley2kmIM ADpLSszGV3RNWj   |
|Supplier#000006478|bQYPnj9lpmW3U                           |
|Supplier#000006521|b9 2zjHzxR                              |
|Supplier#000006642|N,CUclSqRLJcS8zQ                        |
|Supplier#000006659|iTLsnvD8D2GzWNUv kRInwRjk5rDeEmfup1     |
|Supplier#000006669|NQ4Yryj624p7K53                         |
|Supplier#000006748|rC,2rEn8gKDIS5Q0dJEoiF                  |
|Supplier#000006761|n4jhxGMqB5prD1HhpLvwrWStOLlla           |
|Supplier#000006808|HGd2Xo 9nEcHJhZvXjXxWKIpApT             |
|Supplier#000006858|fnlINT885vBBhsWwTGiZ0o22thwGY16h GHJj21 |
|Supplier#000006946|To6Slo0GJTqcIvD                         |
|Supplier#000006949|mLxYUJhsGcLtKe ,GFirNu183AvT            |
|Supplier#000007072|2tRyX9M1a 4Rcm57s779F1ANG9jlpK          |
|Supplier#000007098|G3j8g0KC4OcbAu2OVoPHrXQWMCUdjq8wgCHOExu |
|Supplier#000007132|xonvn0KAQIL3p8kYk HC1FSSDSUSTC          |
|Supplier#000007135|ls DoKV7V5ulfQy9V                       |
|Supplier#000007147|Xzb16kC63wmLVYexUEgB0hXFvHkjT5iPpq      |
|Supplier#000007160|TqDGBULB3cTqIT6FKDvm9BS4e4v,zwYiQPb     |
|Supplier#000007169|tEc95D2moN9S84nd55O,dlnW                |
|Supplier#000007278|I2ae3rS7KVF8GVHtB                       |
|Supplier#000007365|51xhROLvQMJ05DndtZWt                    |
|Supplier#000007398|V8eE6oZ00OFNU,                          |
|Supplier#000007402|4UVv58ery1rjmqSR5                       |
|Supplier#000007448|yhhpWiJi7EJ6Q5VCaQ                      |
|Supplier#000007458|BYuucapYkptZl6fnd2QaDyZmI9gR1Ih16e      |
|Supplier#000007477|9m9j0wfhWzCvVHxkU,PpAxwSH0h             |
|Supplier#000007509|q8,V6LJRoHJjHcOuSG7aLTMg                |
|Supplier#000007561|rMcFg2530VC                             |
|Supplier#000007616|R IovIqzDi3,QHnaqZk1xS4hGAgelhP4yj      |
|Supplier#000007760|JsPE18PvcdFTK                           |
|Supplier#000007801|69fi,U1r6enUb                           |
|Supplier#000007865|5cDGCS,T6N                              |
|Supplier#000007885|u3sicchh5ZpyTUpN1cJKNcAoabIWgY          |
|Supplier#000007926|ErzCF80K9Uy                             |
|Supplier#000007998|LnASFBfYRFOo9d6d,asBvVq9Lo2P            |
|Supplier#000008090|eonbJZvoDFYBNUinYfp6yERIg               |
|Supplier#000008224|TWxt9f,LVER                             |
|Supplier#000008231|IK7eGw Yj90sTdpsP,vcqWxLB               |
|Supplier#000008243|2AyePMkDqmzVzjGTizXthFLo8h EiudCMxOmIIG |
|Supplier#000008323|75I18sZmASwm POeheRMdj9tmpyeQ,BfCXN5BIAb|
|Supplier#000008366|h778cEj14BuW9OEKlvPTWq4iwASR6EBBXN7zeS8 |
|Supplier#000008532|Uc29q4,5xVdDOF87UZrxhr4xWS0ihEUXuh      |
|Supplier#000008595|MH0iB73GQ3z UW3O DbCbqmc                |
|Supplier#000008610|SgVgP90vP452sUNTgzL9zKwXHXAzV6tV        |
|Supplier#000008683|gLuGcugfpJSeGQARnaHNCaWnGaqsNnjyl20     |
|Supplier#000008705|aE,trRNdPx,4yinTD9O3DebDIp              |
|Supplier#000008742|HmPlQEzKCPEcTUL14,kKq                   |
|Supplier#000008841|I 85Lu1sekbg2xrSIzm0                    |
|Supplier#000008872|8D 45GgxJO2OwwYP9S4AaXJKvDwPfLM         |
|Supplier#000008879|rDSA,D9oPM,65NMWEFrmGKAu                |
|Supplier#000008967|2kwEHyMG 7FwozNImAUE6mH0hYtqYculJM      |
|Supplier#000008972|w2vF6 D5YZO3visPXsqVfLADTK              |
|Supplier#000009032|qK,trB6Sdy4Dz1BRUFNy                    |
|Supplier#000009043|57OPvKH4qyXIZ7IzYeCaw11a5N1Ki9f1WWmVQ,  |
|Supplier#000009278|RqYTzgxj93CLX 0mcYfCENOefD              |
|Supplier#000009326|XmiC,uy36B9,fb0zhcjaagiXQutg            |
|Supplier#000009430|igRqmneFt                               |
|Supplier#000009549|h3RVchUf8MzY46IzbZ0ng09                 |
|Supplier#000009601|51m637bO,Rw5DnHWFUvLacRx9               |
|Supplier#000009709|rRnCbHYgDgl9PZYnyWKVYSUW0vKg            |
|Supplier#000009753|wLhVEcRmd7PkJF4FBnGK7Z                  |
|Supplier#000009799| 4wNjXGa4OKWl                           |
|Supplier#000009811|E3iuyq7UnZxU7oPZIe2Gu6                  |
|Supplier#000009812|APFRMy3lCbgFga53n5t9DxzFPQPgnjrGt32     |
|Supplier#000009846|57sNwJJ3PtBDu,hMPP5QvpcOcSNRXn3PypJJrh  |
|Supplier#000009899|7XdpAHrzr1t,UQFZE                       |
|Supplier#000009974|7wJ,J5DKcxSU4Kp1cQLpbcAvB5AsvKT         |
+------------------+----------------------------------------+

